# JRE version: OpenJDK Runtime Environment (17.0.2+8) (build 17.0.2+8-86)
# Java VM: OpenJDK 64-Bit Server VM (17.0.2+8-86, mixed mode, sharing, tiered, compressed oops, compressed class ptrs, g1 gc, windows-amd64)
GC Precious Log:
 CPUs: 8 total, 8 available
 Memory: 16303M
 Large Page Support: Disabled
 NUMA Support: Disabled
 Compressed Oops: Enabled (Zero based)
 Heap Region Size: 2M
 Heap Min Capacity: 8M
 Heap Initial Capacity: 256M
 Heap Max Capacity: 4076M
 Pre-touch: Disabled
 Parallel Workers: 8
 Concurrent Workers: 2
 Concurrent Refinement Workers: 8
 Periodic GC: Disabled
Heap:
 garbage-first heap   total 102400K, used 36639K [0x0000000701400000, 0x0000000800000000)
  region size 2048K, 14 young (28672K), 8 survivors (16384K)
 Metaspace       used 23636K, committed 23936K, reserved 1073152K
  class space    used 3301K, committed 3456K, reserved 1048576K
GC Heap History (6 events):
Event: 0.856 GC heap before
{Heap before GC invocations=0 (full 0):
 garbage-first heap   total 262144K, used 24576K [0x0000000701400000, 0x0000000800000000)
  region size 2048K, 11 young (22528K), 0 survivors (0K)
 Metaspace       used 4583K, committed 4736K, reserved 1056768K
  class space    used 567K, committed 640K, reserved 1048576K
}
Event: 0.859 GC heap after
{Heap after GC invocations=1 (full 0):
 garbage-first heap   total 262144K, used 6812K [0x0000000701400000, 0x0000000800000000)
  region size 2048K, 2 young (4096K), 2 survivors (4096K)
 Metaspace       used 4583K, committed 4736K, reserved 1056768K
  class space    used 567K, committed 640K, reserved 1048576K
}
Event: 1.502 GC heap before
{Heap before GC invocations=1 (full 0):
 garbage-first heap   total 262144K, used 39580K [0x0000000701400000, 0x0000000800000000)
  region size 2048K, 17 young (34816K), 2 survivors (4096K)
 Metaspace       used 12099K, committed 12288K, reserved 1064960K
  class space    used 1682K, committed 1792K, reserved 1048576K
}
Event: 1.507 GC heap after
{Heap after GC invocations=2 (full 0):
 garbage-first heap   total 262144K, used 13229K [0x0000000701400000, 0x0000000800000000)
  region size 2048K, 3 young (6144K), 3 survivors (6144K)
 Metaspace       used 12099K, committed 12288K, reserved 1064960K
  class space    used 1682K, committed 1792K, reserved 1048576K
}
Event: 8.542 GC heap before
{Heap before GC invocations=2 (full 0):
 garbage-first heap   total 262144K, used 84909K [0x0000000701400000, 0x0000000800000000)
  region size 2048K, 38 young (77824K), 3 survivors (6144K)
 Metaspace       used 21289K, committed 21504K, reserved 1073152K
  class space    used 3043K, committed 3136K, reserved 1048576K
}
Event: 8.554 GC heap after
{Heap after GC invocations=3 (full 0):
 garbage-first heap   total 262144K, used 26399K [0x0000000701400000, 0x0000000800000000)
  region size 2048K, 8 young (16384K), 8 survivors (16384K)
 Metaspace       used 21289K, committed 21504K, reserved 1073152K
  class space    used 3043K, committed 3136K, reserved 1048576K
}

